2020-03-25 11:40:24.059  INFO 15312 --- [restartedMain] com.tony.meeting.MeetingApp              : Starting MeetingApp on DESKTOP-Q0KQT82 with PID 15312 (C:\Users\tonyp\Desktop\github\meeting\target\classes started by tonyp in C:\Users\tonyp\Desktop\github\meeting)
2020-03-25 11:40:24.062  INFO 15312 --- [restartedMain] com.tony.meeting.MeetingApp              : No active profile set, falling back to default profiles: default
2020-03-25 11:40:24.162  INFO 15312 --- [restartedMain] o.s.b.devtools.restart.ChangeableUrls    : The Class-Path manifest attribute in C:\Users\tonyp\.m2\repository\org\glassfish\jaxb\jaxb-runtime\2.3.2\jaxb-runtime-2.3.2.jar referenced one or more files that do not exist: file:/C:/Users/tonyp/.m2/repository/org/glassfish/jaxb/jaxb-runtime/2.3.2/jakarta.xml.bind-api-2.3.2.jar,file:/C:/Users/tonyp/.m2/repository/org/glassfish/jaxb/jaxb-runtime/2.3.2/txw2-2.3.2.jar,file:/C:/Users/tonyp/.m2/repository/org/glassfish/jaxb/jaxb-runtime/2.3.2/istack-commons-runtime-3.0.8.jar,file:/C:/Users/tonyp/.m2/repository/org/glassfish/jaxb/jaxb-runtime/2.3.2/stax-ex-1.8.1.jar,file:/C:/Users/tonyp/.m2/repository/org/glassfish/jaxb/jaxb-runtime/2.3.2/FastInfoset-1.2.16.jar,file:/C:/Users/tonyp/.m2/repository/org/glassfish/jaxb/jaxb-runtime/2.3.2/jakarta.activation-api-1.2.1.jar
2020-03-25 11:40:24.164  INFO 15312 --- [restartedMain] .e.DevToolsPropertyDefaultsPostProcessor : Devtools property defaults active! Set 'spring.devtools.add-properties' to 'false' to disable
2020-03-25 11:40:24.164  INFO 15312 --- [restartedMain] .e.DevToolsPropertyDefaultsPostProcessor : For additional web related logging consider setting the 'logging.level.web' property to 'DEBUG'
2020-03-25 11:40:25.059  INFO 15312 --- [restartedMain] .s.d.r.c.RepositoryConfigurationDelegate : Bootstrapping Spring Data JPA repositories in DEFAULT mode.
2020-03-25 11:40:25.086  INFO 15312 --- [restartedMain] .s.d.r.c.RepositoryConfigurationDelegate : Finished Spring Data repository scanning in 20ms. Found 0 JPA repository interfaces.
2020-03-25 11:40:25.732  INFO 15312 --- [restartedMain] o.s.b.w.embedded.tomcat.TomcatWebServer  : Tomcat initialized with port(s): 8080 (http)
2020-03-25 11:40:25.740  INFO 15312 --- [restartedMain] o.apache.catalina.core.StandardService   : Starting service [Tomcat]
2020-03-25 11:40:25.741  INFO 15312 --- [restartedMain] org.apache.catalina.core.StandardEngine  : Starting Servlet engine: [Apache Tomcat/9.0.31]
2020-03-25 11:40:25.885  INFO 15312 --- [restartedMain] o.a.c.c.C.[Tomcat].[localhost].[/]       : Initializing Spring embedded WebApplicationContext
2020-03-25 11:40:25.886  INFO 15312 --- [restartedMain] o.s.web.context.ContextLoader            : Root WebApplicationContext: initialization completed in 1722 ms
2020-03-25 11:40:25.929  INFO 15312 --- [restartedMain] com.zaxxer.hikari.HikariDataSource       : HikariPool-1 - Starting...
2020-03-25 11:40:26.058  INFO 15312 --- [restartedMain] com.zaxxer.hikari.HikariDataSource       : HikariPool-1 - Start completed.
2020-03-25 11:40:26.064  INFO 15312 --- [restartedMain] o.s.b.a.h2.H2ConsoleAutoConfiguration    : H2 console available at '/h2-console'. Database available at 'jdbc:h2:mem:testdb'
2020-03-25 11:40:26.203  INFO 15312 --- [restartedMain] o.hibernate.jpa.internal.util.LogHelper  : HHH000204: Processing PersistenceUnitInfo [name: default]
2020-03-25 11:40:26.271  INFO 15312 --- [restartedMain] org.hibernate.Version                    : HHH000412: Hibernate ORM core version 5.4.12.Final
2020-03-25 11:40:26.403  INFO 15312 --- [restartedMain] o.hibernate.annotations.common.Version   : HCANN000001: Hibernate Commons Annotations {5.1.0.Final}
2020-03-25 11:40:26.539  INFO 15312 --- [restartedMain] org.hibernate.dialect.Dialect            : HHH000400: Using dialect: org.hibernate.dialect.H2Dialect
2020-03-25 11:40:27.293  INFO 15312 --- [restartedMain] o.h.e.t.j.p.i.JtaPlatformInitiator       : HHH000490: Using JtaPlatform implementation: [org.hibernate.engine.transaction.jta.platform.internal.NoJtaPlatform]
2020-03-25 11:40:27.303  INFO 15312 --- [restartedMain] j.LocalContainerEntityManagerFactoryBean : Initialized JPA EntityManagerFactory for persistence unit 'default'
2020-03-25 11:40:27.344  INFO 15312 --- [restartedMain] o.s.b.d.a.OptionalLiveReloadServer       : LiveReload server is running on port 35729
2020-03-25 11:40:27.406  WARN 15312 --- [restartedMain] JpaBaseConfiguration$JpaWebConfiguration : spring.jpa.open-in-view is enabled by default. Therefore, database queries may be performed during view rendering. Explicitly configure spring.jpa.open-in-view to disable this warning
2020-03-25 11:40:27.488  INFO 15312 --- [restartedMain] .s.s.UserDetailsServiceAutoConfiguration : 

Using generated security password: fc7744fb-df2c-4a49-9d49-f1923dc861c0

2020-03-25 11:40:27.738  INFO 15312 --- [restartedMain] o.s.s.web.DefaultSecurityFilterChain     : Creating filter chain: org.springframework.boot.autoconfigure.security.servlet.StaticResourceRequest$StaticResourceRequestMatcher@39622eb2, []
2020-03-25 11:40:27.798  INFO 15312 --- [restartedMain] o.s.s.web.DefaultSecurityFilterChain     : Creating filter chain: any request, [org.springframework.security.web.context.request.async.WebAsyncManagerIntegrationFilter@257235a6, org.springframework.security.web.context.SecurityContextPersistenceFilter@4020866e, org.springframework.security.web.header.HeaderWriterFilter@65235d60, org.springframework.security.web.csrf.CsrfFilter@458f2e27, org.springframework.security.web.authentication.logout.LogoutFilter@4028d85a, org.springframework.security.web.savedrequest.RequestCacheAwareFilter@43374cae, org.springframework.security.web.servletapi.SecurityContextHolderAwareRequestFilter@103e92d3, org.springframework.security.web.authentication.AnonymousAuthenticationFilter@4e13e408, org.springframework.security.web.session.SessionManagementFilter@33cd650b, org.springframework.security.web.access.ExceptionTranslationFilter@50d2b044, org.springframework.security.web.access.intercept.FilterSecurityInterceptor@18cfadc2]
2020-03-25 11:40:27.917  INFO 15312 --- [restartedMain] o.s.s.concurrent.ThreadPoolTaskExecutor  : Initializing ExecutorService 'applicationTaskExecutor'
2020-03-25 11:40:28.160  INFO 15312 --- [restartedMain] o.s.b.w.embedded.tomcat.TomcatWebServer  : Tomcat started on port(s): 8080 (http) with context path ''
2020-03-25 11:40:28.167  INFO 15312 --- [restartedMain] com.tony.meeting.MeetingApp              : Started MeetingApp in 4.683 seconds (JVM running for 6.395)
2020-03-25 11:40:42.219  INFO 15312 --- [http-nio-8080-exec-1] o.a.c.c.C.[Tomcat].[localhost].[/]       : Initializing Spring DispatcherServlet 'dispatcherServlet'
2020-03-25 11:40:42.219  INFO 15312 --- [http-nio-8080-exec-1] o.s.web.servlet.DispatcherServlet        : Initializing Servlet 'dispatcherServlet'
2020-03-25 11:40:42.227  INFO 15312 --- [http-nio-8080-exec-1] o.s.web.servlet.DispatcherServlet        : Completed initialization in 7 ms
2020-03-25 11:40:43.211  WARN 15312 --- [http-nio-8080-exec-1] o.a.c.util.SessionIdGeneratorBase        : Creation of SecureRandom instance for session ID generation using [SHA1PRNG] took [474] milliseconds.
